<?xml version="1.0" encoding="UTF-8"?>
<testsuite xmlns:xsi="http://www.w3.org/2001/XMLSchema-instance" xsi:noNamespaceSchemaLocation="https://maven.apache.org/surefire/maven-surefire-plugin/xsd/surefire-test-report-3.0.xsd" version="3.0" name="bupt.ta.storage.DataStorageTest" time="0.195" tests="3" errors="0" skipped="0" failures="0">
  <properties>
[...]
</properties>
  <testcase name="testJobStorage" classname="bupt.ta.storage.DataStorageTest" time="0.125"/>
  <testcase name="testApplicationStorage" classname="bupt.ta.storage.DataStorageTest" time="0.03"/>
  <testcase name="testUserStorage" classname="bupt.ta.storage.DataStorageTest" time="0.005"/>
</testsuite>